Running: /opt/Xilinx/14.7/ISE_DS/ISE/bin/lin64/unwrapped/fuse -intstyle ise -incremental -o /home/pedro/Documents/unb/labCD/proj3/mux8/mux8_isim_beh.exe -prj /home/pedro/Documents/unb/labCD/proj3/mux8/mux8_beh.prj work.mux8 
ISim P.20131013 (signature 0xfbc00daa)
Number of CPUs detected in this system: 4
Turning on mult-threading, number of parallel sub-compilation jobs: 8 
Determining compilation order of HDL files
Parsing VHDL file "/home/pedro/Documents/unb/labCD/proj3/mux8/mux8.vhd" into library work
Starting static elaboration
Completed static elaboration
Fuse Memory Usage: 104112 KB
Fuse CPU Usage: 1250 ms
Compiling package standard
Compiling package std_logic_1164
Compiling architecture behavioral of entity mux8
Time Resolution for simulation is 1ps.
Waiting for 1 sub-compilation(s) to finish...
Compiled 3 VHDL Units
Built simulation executable /home/pedro/Documents/unb/labCD/proj3/mux8/mux8_isim_beh.exe
Fuse Memory Usage: 669848 KB
Fuse CPU Usage: 1280 ms
GCC CPU Usage: 1080 ms
