--------------------------------------------------------------------------------
Release 14.7 Trace  (lin64)
Copyright (c) 1995-2013 Xilinx, Inc.  All rights reserved.

/opt/Xilinx/14.7/ISE_DS/ISE/bin/lin64/unwrapped/trce -intstyle ise -v 3 -s 4 -n
3 -fastpaths -xml decoder.twx decoder.ncd -o decoder.twr decoder.pcf -ucf
lsDecoder.ucf

Design file:              decoder.ncd
Physical constraint file: decoder.pcf
Device,package,speed:     xc3s100e,cp132,-4 (PRODUCTION 1.27 2013-10-13)
Report level:             verbose report

Environment Variable      Effect 
--------------------      ------ 
NONE                      No environment variables were set
--------------------------------------------------------------------------------

INFO:Timing:2698 - No timing constraints found, doing default enumeration.
INFO:Timing:3412 - To improve timing, see the Timing Closure User Guide (UG612).
INFO:Timing:2752 - To get complete path coverage, use the unconstrained paths 
   option. All paths that are not constrained will be reported in the 
   unconstrained paths section(s) of the report.
INFO:Timing:3339 - The clock-to-out numbers in this timing report are based on 
   a 50 Ohm transmission line loading model.  For the details of this model, 
   and for more information on accounting for different loading conditions, 
   please see the device datasheet.
INFO:Timing:3390 - This architecture does not support a default System Jitter 
   value, please add SYSTEM_JITTER constraint to the UCF to modify the Clock 
   Uncertainty calculation.
INFO:Timing:3389 - This architecture does not support 'Discrete Jitter' and 
   'Phase Error' calculations, these terms will be zero in the Clock 
   Uncertainty calculation.  Please make appropriate modification to 
   SYSTEM_JITTER to account for the unsupported Discrete Jitter and Phase 
   Error.



Data Sheet report:
-----------------
All values displayed in nanoseconds (ns)

Pad to Pad
---------------+---------------+---------+
Source Pad     |Destination Pad|  Delay  |
---------------+---------------+---------+
A<0>           |Y<0>           |    6.445|
A<0>           |Y<1>           |    7.152|
A<0>           |Y<2>           |    6.914|
A<0>           |Y<3>           |    8.427|
A<0>           |Y<4>           |    7.865|
A<0>           |Y<5>           |    6.994|
A<0>           |Y<6>           |    6.407|
A<0>           |Y<7>           |    8.134|
A<0>           |Y<8>           |    7.811|
A<0>           |Y<9>           |    7.888|
A<0>           |Y<10>          |    6.870|
A<0>           |Y<11>          |    7.569|
A<0>           |Y<12>          |    7.367|
A<0>           |Y<13>          |    7.526|
A<0>           |Y<14>          |    7.152|
A<0>           |Y<15>          |    8.377|
A<1>           |Y<0>           |    6.749|
A<1>           |Y<1>           |    7.463|
A<1>           |Y<2>           |    7.382|
A<1>           |Y<3>           |    7.963|
A<1>           |Y<4>           |    7.391|
A<1>           |Y<5>           |    6.315|
A<1>           |Y<6>           |    6.711|
A<1>           |Y<7>           |    9.165|
A<1>           |Y<8>           |    6.668|
A<1>           |Y<9>           |    6.492|
A<1>           |Y<10>          |    7.363|
A<1>           |Y<11>          |    6.851|
A<1>           |Y<12>          |    6.828|
A<1>           |Y<13>          |    6.854|
A<1>           |Y<14>          |    7.463|
A<1>           |Y<15>          |    9.403|
A<2>           |Y<0>           |    6.879|
A<2>           |Y<1>           |    7.651|
A<2>           |Y<2>           |    7.403|
A<2>           |Y<3>           |    8.191|
A<2>           |Y<4>           |    7.893|
A<2>           |Y<5>           |    7.226|
A<2>           |Y<6>           |    6.841|
A<2>           |Y<7>           |    7.893|
A<2>           |Y<8>           |    7.583|
A<2>           |Y<9>           |    7.856|
A<2>           |Y<10>          |    7.424|
A<2>           |Y<11>          |    7.528|
A<2>           |Y<12>          |    7.390|
A<2>           |Y<13>          |    7.796|
A<2>           |Y<14>          |    7.651|
A<2>           |Y<15>          |    8.096|
A<3>           |Y<0>           |    7.640|
A<3>           |Y<1>           |    8.385|
A<3>           |Y<2>           |    8.316|
A<3>           |Y<3>           |    9.226|
A<3>           |Y<4>           |    8.770|
A<3>           |Y<5>           |    8.166|
A<3>           |Y<6>           |    7.602|
A<3>           |Y<7>           |    8.054|
A<3>           |Y<8>           |    8.614|
A<3>           |Y<9>           |    8.950|
A<3>           |Y<10>          |    8.332|
A<3>           |Y<11>          |    8.626|
A<3>           |Y<12>          |    8.232|
A<3>           |Y<13>          |    8.763|
A<3>           |Y<14>          |    8.385|
A<3>           |Y<15>          |    8.232|
---------------+---------------+---------+


Analysis completed Fri Aug 31 17:08:54 2018 
--------------------------------------------------------------------------------

Trace Settings:
-------------------------
Trace Settings 

Peak Memory Usage: 342 MB



