Release 14.7 - xst P.20131013 (lin64)
Copyright (c) 1995-2013 Xilinx, Inc.  All rights reserved.
--> 
Parameter TMPDIR set to xst/projnav.tmp


Total REAL time to Xst completion: 0.00 secs
Total CPU time to Xst completion: 0.04 secs
 
--> 
Parameter xsthdpdir set to xst


Total REAL time to Xst completion: 0.00 secs
Total CPU time to Xst completion: 0.04 secs
 
--> 
Reading design: circuito.prj

TABLE OF CONTENTS
  1) Synthesis Options Summary
  2) HDL Compilation
  3) Design Hierarchy Analysis
  4) HDL Analysis
  5) HDL Synthesis
     5.1) HDL Synthesis Report
  6) Advanced HDL Synthesis
     6.1) Advanced HDL Synthesis Report
  7) Low Level Synthesis
  8) Partition Report
  9) Final Report
	9.1) Device utilization summary
	9.2) Partition Resource Summary
	9.3) TIMING REPORT


=========================================================================
*                      Synthesis Options Summary                        *
=========================================================================
---- Source Parameters
Input File Name                    : "circuito.prj"
Input Format                       : mixed
Ignore Synthesis Constraint File   : NO

---- Target Parameters
Output File Name                   : "circuito"
Output Format                      : NGC
Target Device                      : xc3s100e-4-cp132

---- Source Options
Top Module Name                    : circuito
Automatic FSM Extraction           : YES
FSM Encoding Algorithm             : Auto
Safe Implementation                : No
FSM Style                          : LUT
RAM Extraction                     : Yes
RAM Style                          : Auto
ROM Extraction                     : Yes
Mux Style                          : Auto
Decoder Extraction                 : YES
Priority Encoder Extraction        : Yes
Shift Register Extraction          : YES
Logical Shifter Extraction         : YES
XOR Collapsing                     : YES
ROM Style                          : Auto
Mux Extraction                     : Yes
Resource Sharing                   : YES
Asynchronous To Synchronous        : NO
Multiplier Style                   : Auto
Automatic Register Balancing       : No

---- Target Options
Add IO Buffers                     : YES
Global Maximum Fanout              : 100000
Add Generic Clock Buffer(BUFG)     : 24
Register Duplication               : YES
Slice Packing                      : YES
Optimize Instantiated Primitives   : NO
Use Clock Enable                   : Yes
Use Synchronous Set                : Yes
Use Synchronous Reset              : Yes
Pack IO Registers into IOBs        : Auto
Equivalent register Removal        : YES

---- General Options
Optimization Goal                  : Speed
Optimization Effort                : 1
Keep Hierarchy                     : No
Netlist Hierarchy                  : As_Optimized
RTL Output                         : Yes
Global Optimization                : AllClockNets
Read Cores                         : YES
Write Timing Constraints           : NO
Cross Clock Analysis               : NO
Hierarchy Separator                : /
Bus Delimiter                      : <>
Case Specifier                     : Maintain
Slice Utilization Ratio            : 100
BRAM Utilization Ratio             : 100
Verilog 2001                       : YES
Auto BRAM Packing                  : NO
Slice Utilization Ratio Delta      : 5

=========================================================================


=========================================================================
*                          HDL Compilation                              *
=========================================================================
Compiling vhdl file "/home/pedro/Documents/unb/labCD/proj4/customFunction/decoder.vhd" in Library work.
Architecture behavioral of Entity decoder is up to date.
Compiling vhdl file "/home/pedro/Documents/unb/labCD/proj3/mux8/mux8.vhd" in Library work.
Architecture behavioral of Entity mux8 is up to date.
Compiling vhdl file "/home/pedro/Documents/unb/labCD/proj4/customFunction/circuito.vhd" in Library work.
Architecture behavioral of Entity circuito is up to date.

=========================================================================
*                     Design Hierarchy Analysis                         *
=========================================================================
Analyzing hierarchy for entity <circuito> in library <work> (architecture <behavioral>).

Analyzing hierarchy for entity <decoder> in library <work> (architecture <behavioral>).

Analyzing hierarchy for entity <mux8> in library <work> (architecture <behavioral>).


=========================================================================
*                            HDL Analysis                               *
=========================================================================
Analyzing Entity <circuito> in library <work> (Architecture <behavioral>).
Entity <circuito> analyzed. Unit <circuito> generated.

Analyzing Entity <decoder> in library <work> (Architecture <behavioral>).
Entity <decoder> analyzed. Unit <decoder> generated.

Analyzing Entity <mux8> in library <work> (Architecture <behavioral>).
Entity <mux8> analyzed. Unit <mux8> generated.


=========================================================================
*                           HDL Synthesis                               *
=========================================================================

Performing bidirectional port resolution...

Synthesizing Unit <decoder>.
    Related source file is "/home/pedro/Documents/unb/labCD/proj4/customFunction/decoder.vhd".
    Found 1-of-16 decoder for signal <Y>.
    Summary:
	inferred   1 Decoder(s).
Unit <decoder> synthesized.


Synthesizing Unit <mux8>.
    Related source file is "/home/pedro/Documents/unb/labCD/proj3/mux8/mux8.vhd".
    Found 1-bit 8-to-1 multiplexer for signal <Y>.
    Summary:
	inferred   1 Multiplexer(s).
Unit <mux8> synthesized.


Synthesizing Unit <circuito>.
    Related source file is "/home/pedro/Documents/unb/labCD/proj4/customFunction/circuito.vhd".
WARNING:Xst:646 - Signal <Y<14:12>> is assigned but never used. This unconnected signal will be trimmed during the optimization process.
WARNING:Xst:646 - Signal <Y<8>> is assigned but never used. This unconnected signal will be trimmed during the optimization process.
WARNING:Xst:646 - Signal <Y<6:1>> is assigned but never used. This unconnected signal will be trimmed during the optimization process.
Unit <circuito> synthesized.


=========================================================================
HDL Synthesis Report

Macro Statistics
# Multiplexers                                         : 1
 1-bit 8-to-1 multiplexer                              : 1
# Decoders                                             : 1
 1-of-16 decoder                                       : 1

=========================================================================

=========================================================================
*                       Advanced HDL Synthesis                          *
=========================================================================


=========================================================================
Advanced HDL Synthesis Report

Macro Statistics
# Multiplexers                                         : 1
 1-bit 8-to-1 multiplexer                              : 1
# Decoders                                             : 1
 1-of-16 decoder                                       : 1

=========================================================================

=========================================================================
*                         Low Level Synthesis                           *
=========================================================================

Optimizing unit <circuito> ...

Mapping all equations...
Building and optimizing final netlist ...
Found area constraint ratio of 100 (+ 5) on block circuito, actual ratio is 0.

Final Macro Processing ...

=========================================================================
Final Register Report

Found no macro
=========================================================================

=========================================================================
*                           Partition Report                            *
=========================================================================

Partition Implementation Status
-------------------------------

  No Partitions were found in this design.

-------------------------------

=========================================================================
*                            Final Report                               *
=========================================================================
Final Results
RTL Top Level Output File Name     : circuito.ngr
Top Level Output File Name         : circuito
Output Format                      : NGC
Optimization Goal                  : Speed
Keep Hierarchy                     : No

Design Statistics
# IOs                              : 8

Cell Usage :
# BELS                             : 6
#      LUT4                        : 5
#      MUXF5                       : 1
# IO Buffers                       : 8
#      IBUF                        : 7
#      OBUF                        : 1
=========================================================================

Device utilization summary:
---------------------------

Selected Device : 3s100ecp132-4 

 Number of Slices:                        3  out of    960     0%  
 Number of 4 input LUTs:                  5  out of   1920     0%  
 Number of IOs:                           8
 Number of bonded IOBs:                   8  out of     83     9%  

---------------------------
Partition Resource Summary:
---------------------------

  No Partitions were found in this design.

---------------------------


=========================================================================
TIMING REPORT

NOTE: THESE TIMING NUMBERS ARE ONLY A SYNTHESIS ESTIMATE.
      FOR ACCURATE TIMING INFORMATION PLEASE REFER TO THE TRACE REPORT
      GENERATED AFTER PLACE-and-ROUTE.

Clock Information:
------------------
No clock signals found in this design

Asynchronous Control Signals Information:
----------------------------------------
No asynchronous control signals found in this design

Timing Summary:
---------------
Speed Grade: -4

   Minimum period: No path found
   Minimum input arrival time before clock: No path found
   Maximum output required time after clock: No path found
   Maximum combinational path delay: 7.940ns

Timing Detail:
--------------
All values displayed in nanoseconds (ns)

=========================================================================
Timing constraint: Default path analysis
  Total number of paths / destination ports: 18 / 1
-------------------------------------------------------------------------
Delay:               7.940ns (Levels of Logic = 5)
  Source:            A (PAD)
  Destination:       S (PAD)

  Data Path: A to S
                                Gate     Net
    Cell:in->out      fanout   Delay   Delay  Logical Name (Net Name)
    ----------------------------------------  ------------
     IBUF:I->O             3   1.218   0.706  A_IBUF (A_IBUF)
     LUT4:I0->O            1   0.704   0.595  DS_or00021 (DS<1>)
     LUT4:I0->O            1   0.704   0.000  M1/Mmux_Y_4 (M1/Mmux_Y_4)
     MUXF5:I0->O           1   0.321   0.420  M1/Mmux_Y_2_f5 (S_OBUF)
     OBUF:I->O                 3.272          S_OBUF (S)
    ----------------------------------------
    Total                      7.940ns (6.219ns logic, 1.721ns route)
                                       (78.3% logic, 21.7% route)

=========================================================================


Total REAL time to Xst completion: 3.00 secs
Total CPU time to Xst completion: 3.31 secs
 
--> 


Total memory usage is 521168 kilobytes

Number of errors   :    0 (   0 filtered)
Number of warnings :    3 (   0 filtered)
Number of infos    :    0 (   0 filtered)

