Release 14.7 - xst P.20131013 (lin64)
Copyright (c) 1995-2013 Xilinx, Inc.  All rights reserved.
--> 
Parameter TMPDIR set to xst/projnav.tmp


Total REAL time to Xst completion: 0.00 secs
Total CPU time to Xst completion: 0.04 secs
 
--> 
Parameter xsthdpdir set to xst


Total REAL time to Xst completion: 0.00 secs
Total CPU time to Xst completion: 0.04 secs
 
--> 
Reading design: shifter.prj

TABLE OF CONTENTS
  1) Synthesis Options Summary
  2) HDL Compilation
  3) Design Hierarchy Analysis
  4) HDL Analysis
  5) HDL Synthesis
     5.1) HDL Synthesis Report
  6) Advanced HDL Synthesis
     6.1) Advanced HDL Synthesis Report
  7) Low Level Synthesis
  8) Partition Report
  9) Final Report
	9.1) Device utilization summary
	9.2) Partition Resource Summary
	9.3) TIMING REPORT


=========================================================================
*                      Synthesis Options Summary                        *
=========================================================================
---- Source Parameters
Input File Name                    : "shifter.prj"
Input Format                       : mixed
Ignore Synthesis Constraint File   : NO

---- Target Parameters
Output File Name                   : "shifter"
Output Format                      : NGC
Target Device                      : xc3s100e-4-cp132

---- Source Options
Top Module Name                    : shifter
Automatic FSM Extraction           : YES
FSM Encoding Algorithm             : Auto
Safe Implementation                : No
FSM Style                          : LUT
RAM Extraction                     : Yes
RAM Style                          : Auto
ROM Extraction                     : Yes
Mux Style                          : Auto
Decoder Extraction                 : YES
Priority Encoder Extraction        : Yes
Shift Register Extraction          : YES
Logical Shifter Extraction         : YES
XOR Collapsing                     : YES
ROM Style                          : Auto
Mux Extraction                     : Yes
Resource Sharing                   : YES
Asynchronous To Synchronous        : NO
Multiplier Style                   : Auto
Automatic Register Balancing       : No

---- Target Options
Add IO Buffers                     : YES
Global Maximum Fanout              : 500
Add Generic Clock Buffer(BUFG)     : 24
Register Duplication               : YES
Slice Packing                      : YES
Optimize Instantiated Primitives   : NO
Use Clock Enable                   : Yes
Use Synchronous Set                : Yes
Use Synchronous Reset              : Yes
Pack IO Registers into IOBs        : Auto
Equivalent register Removal        : YES

---- General Options
Optimization Goal                  : Speed
Optimization Effort                : 1
Keep Hierarchy                     : No
Netlist Hierarchy                  : As_Optimized
RTL Output                         : Yes
Global Optimization                : AllClockNets
Read Cores                         : YES
Write Timing Constraints           : NO
Cross Clock Analysis               : NO
Hierarchy Separator                : /
Bus Delimiter                      : <>
Case Specifier                     : Maintain
Slice Utilization Ratio            : 100
BRAM Utilization Ratio             : 100
Verilog 2001                       : YES
Auto BRAM Packing                  : NO
Slice Utilization Ratio Delta      : 5

=========================================================================


=========================================================================
*                          HDL Compilation                              *
=========================================================================
Compiling vhdl file "/home/pedro/Documents/unb/labCD/proj5/shifter/shifter.vhd" in Library work.
Entity <shifter> compiled.
Entity <shifter> (Architecture <Behavioral>) compiled.

=========================================================================
*                     Design Hierarchy Analysis                         *
=========================================================================
Analyzing hierarchy for entity <shifter> in library <work> (architecture <Behavioral>).


=========================================================================
*                            HDL Analysis                               *
=========================================================================
Analyzing Entity <shifter> in library <work> (Architecture <Behavioral>).
INFO:Xst:1561 - "/home/pedro/Documents/unb/labCD/proj5/shifter/shifter.vhd" line 25: Mux is complete : default of case is discarded
WARNING:Xst:819 - "/home/pedro/Documents/unb/labCD/proj5/shifter/shifter.vhd" line 18: One or more signals are missing in the process sensitivity list. To enable synthesis of FPGA/CPLD hardware, XST will assume that all necessary signals are present in the sensitivity list. Please note that the result of the synthesis may differ from the initial design specification. The missing signals are:
   <RST>, <LOAD>, <D>
Entity <shifter> analyzed. Unit <shifter> generated.


=========================================================================
*                           HDL Synthesis                               *
=========================================================================

Performing bidirectional port resolution...

Synthesizing Unit <shifter>.
    Related source file is "/home/pedro/Documents/unb/labCD/proj5/shifter/shifter.vhd".
    Found 4-bit register for signal <Qbuf>.
Unit <shifter> synthesized.


=========================================================================
HDL Synthesis Report

Macro Statistics
# Registers                                            : 1
 4-bit register                                        : 1

=========================================================================

=========================================================================
*                       Advanced HDL Synthesis                          *
=========================================================================


=========================================================================
Advanced HDL Synthesis Report

Found no macro
=========================================================================

=========================================================================
*                         Low Level Synthesis                           *
=========================================================================

Optimizing unit <shifter> ...

Mapping all equations...
Building and optimizing final netlist ...
Found area constraint ratio of 100 (+ 5) on block shifter, actual ratio is 1.

Final Macro Processing ...

=========================================================================
Final Register Report

Macro Statistics
# Registers                                            : 4
 Flip-Flops                                            : 4

=========================================================================

=========================================================================
*                           Partition Report                            *
=========================================================================

Partition Implementation Status
-------------------------------

  No Partitions were found in this design.

-------------------------------

=========================================================================
*                            Final Report                               *
=========================================================================
Final Results
RTL Top Level Output File Name     : shifter.ngr
Top Level Output File Name         : shifter
Output Format                      : NGC
Optimization Goal                  : Speed
Keep Hierarchy                     : No

Design Statistics
# IOs                              : 14

Cell Usage :
# BELS                             : 20
#      LUT2                        : 4
#      LUT3                        : 4
#      LUT4                        : 8
#      MUXF5                       : 4
# FlipFlops/Latches                : 4
#      FDCP                        : 4
# Clock Buffers                    : 1
#      BUFGP                       : 1
# IO Buffers                       : 13
#      IBUF                        : 9
#      OBUF                        : 4
=========================================================================

Device utilization summary:
---------------------------

Selected Device : 3s100ecp132-4 

 Number of Slices:                        9  out of    960     0%  
 Number of Slice Flip Flops:              4  out of   1920     0%  
 Number of 4 input LUTs:                 16  out of   1920     0%  
 Number of IOs:                          14
 Number of bonded IOBs:                  14  out of     83    16%  
 Number of GCLKs:                         1  out of     24     4%  

---------------------------
Partition Resource Summary:
---------------------------

  No Partitions were found in this design.

---------------------------


=========================================================================
TIMING REPORT

NOTE: THESE TIMING NUMBERS ARE ONLY A SYNTHESIS ESTIMATE.
      FOR ACCURATE TIMING INFORMATION PLEASE REFER TO THE TRACE REPORT
      GENERATED AFTER PLACE-and-ROUTE.

Clock Information:
------------------
-----------------------------------+------------------------+-------+
Clock Signal                       | Clock buffer(FF name)  | Load  |
-----------------------------------+------------------------+-------+
CLK                                | BUFGP                  | 4     |
-----------------------------------+------------------------+-------+

Asynchronous Control Signals Information:
----------------------------------------
-----------------------------------+------------------------+-------+
Control Signal                     | Buffer(FF name)        | Load  |
-----------------------------------+------------------------+-------+
Qbuf_0__and0000(Qbuf_0__and00001:O)| NONE(Qbuf_0)           | 1     |
Qbuf_0__or0000(Qbuf_0__or00001:O)  | NONE(Qbuf_0)           | 1     |
Qbuf_1__and0000(Qbuf_1__and00001:O)| NONE(Qbuf_1)           | 1     |
Qbuf_1__or0000(Qbuf_1__or00001:O)  | NONE(Qbuf_1)           | 1     |
Qbuf_2__and0000(Qbuf_2__and00001:O)| NONE(Qbuf_2)           | 1     |
Qbuf_2__or0000(Qbuf_2__or00001:O)  | NONE(Qbuf_2)           | 1     |
Qbuf_3__and0000(Qbuf_3__and00001:O)| NONE(Qbuf_3)           | 1     |
Qbuf_3__or0000(Qbuf_3__or00001:O)  | NONE(Qbuf_3)           | 1     |
-----------------------------------+------------------------+-------+

Timing Summary:
---------------
Speed Grade: -4

   Minimum period: 2.686ns (Maximum Frequency: 372.301MHz)
   Minimum input arrival time before clock: 3.760ns
   Maximum output required time after clock: 4.450ns
   Maximum combinational path delay: No path found

Timing Detail:
--------------
All values displayed in nanoseconds (ns)

=========================================================================
Timing constraint: Default period analysis for Clock 'CLK'
  Clock period: 2.686ns (frequency: 372.301MHz)
  Total number of paths / destination ports: 8 / 4
-------------------------------------------------------------------------
Delay:               2.686ns (Levels of Logic = 2)
  Source:            Qbuf_1 (FF)
  Destination:       Qbuf_2 (FF)
  Source Clock:      CLK rising
  Destination Clock: CLK rising

  Data Path: Qbuf_1 to Qbuf_2
                                Gate     Net
    Cell:in->out      fanout   Delay   Delay  Logical Name (Net Name)
    ----------------------------------------  ------------
     FDCP:C->Q             4   0.591   0.762  Qbuf_1 (Qbuf_1)
     LUT4:I0->O            1   0.704   0.000  Qbuf_mux0001<2>_F (N20)
     MUXF5:I0->O           1   0.321   0.000  Qbuf_mux0001<2> (Qbuf_mux0001<2>)
     FDCP:D                    0.308          Qbuf_2
    ----------------------------------------
    Total                      2.686ns (1.924ns logic, 0.762ns route)
                                       (71.6% logic, 28.4% route)

=========================================================================
Timing constraint: Default OFFSET IN BEFORE for Clock 'CLK'
  Total number of paths / destination ports: 28 / 4
-------------------------------------------------------------------------
Offset:              3.760ns (Levels of Logic = 3)
  Source:            LOAD (PAD)
  Destination:       Qbuf_0 (FF)
  Destination Clock: CLK rising

  Data Path: LOAD to Qbuf_0
                                Gate     Net
    Cell:in->out      fanout   Delay   Delay  Logical Name (Net Name)
    ----------------------------------------  ------------
     IBUF:I->O            16   1.218   1.209  LOAD_IBUF (LOAD_IBUF)
     LUT4:I0->O            1   0.704   0.000  Qbuf_mux0001<3>_G (N17)
     MUXF5:I1->O           1   0.321   0.000  Qbuf_mux0001<3> (Qbuf_mux0001<3>)
     FDCP:D                    0.308          Qbuf_3
    ----------------------------------------
    Total                      3.760ns (2.551ns logic, 1.209ns route)
                                       (67.8% logic, 32.2% route)

=========================================================================
Timing constraint: Default OFFSET OUT AFTER for Clock 'CLK'
  Total number of paths / destination ports: 4 / 4
-------------------------------------------------------------------------
Offset:              4.450ns (Levels of Logic = 1)
  Source:            Qbuf_1 (FF)
  Destination:       Q<1> (PAD)
  Source Clock:      CLK rising

  Data Path: Qbuf_1 to Q<1>
                                Gate     Net
    Cell:in->out      fanout   Delay   Delay  Logical Name (Net Name)
    ----------------------------------------  ------------
     FDCP:C->Q             4   0.591   0.587  Qbuf_1 (Qbuf_1)
     OBUF:I->O                 3.272          Q_1_OBUF (Q<1>)
    ----------------------------------------
    Total                      4.450ns (3.863ns logic, 0.587ns route)
                                       (86.8% logic, 13.2% route)

=========================================================================


Total REAL time to Xst completion: 4.00 secs
Total CPU time to Xst completion: 3.25 secs
 
--> 


Total memory usage is 520548 kilobytes

Number of errors   :    0 (   0 filtered)
Number of warnings :    1 (   0 filtered)
Number of infos    :    1 (   0 filtered)

